\BOOKMARK [1][-]{section.1}{\376\377\000I\000l\000i\000u\000s\000t\000r\000a\000c\000i\000j\000o\000s\000,\000\040\000l\000e\000n\000t\000e\000l\001\027\000s\000\040\000i\000r\000\040\000p\000s\000e\000u\000d\000o\000k\000o\000d\000a\000s}{}% 1
\BOOKMARK [2][-]{subsection.1.1}{\376\377\000R\000e\000i\000k\000a\000l\000a\000v\000i\000m\000a\000i\000\040\000i\000l\000i\000u\000s\000t\000r\000a\000c\000i\000j\000o\000m\000s\000\040\000i\000r\000\040\000l\000e\000n\000t\000e\000l\001\027\000m\000s}{section.1}% 2
\BOOKMARK [3][-]{subsubsection.1.1.1}{\376\377\000R\000e\000i\000k\000a\000l\000a\000v\000i\000m\000a\000i\000\040\000i\000l\000i\000u\000s\000t\000r\000a\000c\000i\000j\001\163\000\040\000a\000p\000r\000a\001\141\000y\000m\000u\000i}{subsection.1.1}% 3
\BOOKMARK [3][-]{subsubsection.1.1.2}{\376\377\000R\000e\000i\000k\000a\000l\000a\000v\000i\000m\000a\000i\000\040\000i\000l\000i\000u\000s\000t\000r\000a\000c\000i\000j\001\163\000\040\000a\000p\000i\000p\000a\000v\000i\000d\000a\000l\000i\000n\000i\000m\000u\000i}{subsection.1.1}% 4
\BOOKMARK [3][-]{subsubsection.1.1.3}{\376\377\000K\000i\000t\000a\000\040\000i\000n\000f\000o\000r\000m\000a\000c\000i\000j\000a\000\040\000a\000p\000i\000e\000\040\000i\000l\000i\000u\000s\000t\000r\000a\000c\000i\000j\000a\000s\000\040\000i\000r\000\040\000l\000e\000n\000t\000e\000l\000e\000s}{subsection.1.1}% 5
\BOOKMARK [2][-]{subsection.1.2}{\376\377\000I\000l\000i\000u\000s\000t\000r\000a\000c\000i\000j\001\163\000\040\000p\000a\000v\000y\000z\000d\001\176\000i\000a\000i}{section.1}% 6
\BOOKMARK [3][-]{subsubsection.1.2.1}{\376\377\000P\000i\000r\000m\000a\000s\000\040\000i\000l\000i\000u\000s\000t\000r\000a\000c\000i\000j\000o\000s\000\040\000p\000a\000v\000y\000z\000d\000y\000s}{subsection.1.2}% 7
\BOOKMARK [3][-]{subsubsection.1.2.2}{\376\377\000A\000n\000t\000r\000a\000s\000\040\000i\000l\000i\000u\000s\000t\000r\000a\000c\000i\000j\000o\000s\000\040\000p\000a\000v\000y\000z\000d\000y\000s}{subsection.1.2}% 8
\BOOKMARK [3][-]{subsubsection.1.2.3}{\376\377\000T\000r\000e\001\015\000i\000a\000s\000\040\000i\000l\000i\000u\000s\000t\000r\000a\000c\000i\000j\000o\000s\000\040\000p\000a\000v\000y\000z\000d\000y\000s}{subsection.1.2}% 9
\BOOKMARK [3][-]{subsubsection.1.2.4}{\376\377\000K\000e\000t\000v\000i\000r\000t\000a\000s\000\040\000i\000l\000i\000u\000s\000t\000r\000a\000c\000i\000j\000o\000s\000\040\000p\000a\000v\000y\000z\000d\000y\000s}{subsection.1.2}% 10
\BOOKMARK [2][-]{subsection.1.3}{\376\377\000I\000l\000i\000u\000s\000t\000r\000a\000c\000i\000j\000o\000s\000\040\000i\000r\000\040\000l\000e\000n\000t\000e\000l\001\027\000s\000\040\000p\000a\000v\000y\000z\000d\000y\000s}{section.1}% 11
\BOOKMARK [2][-]{subsection.1.4}{\376\377\000L\000e\000n\000t\000e\000l\001\027\000s\000\040\000p\000a\000v\000y\000z\000d\000y\000s}{section.1}% 12
\BOOKMARK [2][-]{subsection.1.5}{\376\377\000P\000s\000e\000u\000d\000o\000k\000o\000d\000o\000\040\000p\000a\000v\000y\000z\000d\000y\000s}{section.1}% 13
\BOOKMARK [1][-]{section.2}{\376\377\001\140\000a\000b\000l\000o\000n\000a\000s}{}% 14
\BOOKMARK [2][-]{subsection.2.1}{\376\377\000D\000a\000r\000b\001\163\000\040\000t\000i\000p\000a\000i}{section.2}% 15
\BOOKMARK [2][-]{subsection.2.2}{\376\377\000D\000o\000k\000u\000m\000e\000n\000t\000o\000\040\000s\000t\000r\000u\000k\000t\001\153\000r\000a}{section.2}% 16
\BOOKMARK [2][-]{subsection.2.3}{\376\377\000L\000i\000t\000e\000r\000a\000t\001\153\000r\000o\000s\000\040\001\141\000a\000l\000t\000i\000n\000i\000a\000i}{section.2}% 17
\BOOKMARK [2][-]{subsection.2.4}{\376\377\000P\000s\000e\000u\000d\000o\000-\000k\000o\000d\000a\000s\000\040\000i\000r\000\040\000p\000r\000o\000g\000r\000a\000m\000i\000n\000i\000o\000\040\000k\000o\000d\000o\000\040\000d\000a\000l\000y\000s}{section.2}% 18
\BOOKMARK [2][-]{subsection.2.5}{\376\377\000P\000a\000v\000e\000i\000k\000s\000l\001\027\000l\000i\001\163\000\040\000p\000a\000r\000u\000o\001\141\000i\000m\000a\000s}{section.2}% 19
\BOOKMARK [2][-]{subsection.2.6}{\376\377\000S\000u\000d\001\027\000t\000i\000n\000g\000e\000s\000n\001\027\000s\000\040\000l\000e\000n\000t\000e\000l\001\027\000s}{section.2}% 20
\BOOKMARK [1][-]{section*.12}{\376\377\000L\000i\000t\000e\000r\000a\000t\001\153\000r\000o\000s\000\040\001\141\000a\000l\000t\000i\000n\000i\000a\000i}{}% 21
